Car: 1	Rides: 213 160 137 286 227 278 285 186 28 23 141 202 239 52 72 127 241 150 131 18  ( total rides managed: 20)
Car: 2	Rides: 169 111 260 138 19 268 80 231 29 203 12 7 102 206 32 60 298 187 124 10 212 184  ( total rides managed: 22)
Car: 3	Rides: 276 89 9 128 274 262 22 215 223 69 161 148 91 6 243 253 48 271 209 3  ( total rides managed: 20)
Car: 4	Rides: 55 8 300 134 194 188 201 246 282 41 27 164 270 11 266 229 252 136 170 275 101  ( total rides managed: 21)
Car: 5	Rides: 35 76 261 108 130 225 245 112 24 43 139 113 13 177 263 38 258 176  ( total rides managed: 18)
Car: 6	Rides: 1 250 295 277 219 45 233 283 122 259 115 288 256 293 44 234 179 53 166  ( total rides managed: 19)
Car: 7	Rides: 42 81 211 93 106 126 167 175 242 296 198 191 71 17 251 68 207 195 50 133 67  ( total rides managed: 21)
Car: 8	Rides: 168 100 135 25 14 16 39 214 103 240 208 74 77 132 46 265 105 121 144 174 78 85  ( total rides managed: 22)
Car: 9	Rides: 88 104 221 291 64 114 40 173 272 171 196 94 82 200 79 143 280 190 248 47 230 232  ( total rides managed: 22)
Car: 10	Rides: 66 73 287 204 96 226 264 20 92 33 123 210 110 49 120 292 267 155 273 154 279 31  ( total rides managed: 22)
Car: 11	Rides: 86 149 59 57 58 199 97 205 83 237 238 26 249 156 289 98 70 152  ( total rides managed: 18)
Car: 12	Rides: 185 165 247 63 228 61 157 129 147 255 90 62 284 119 99 153 257 294 2  ( total rides managed: 19)
Car: 13	Rides: 297 163 162 75 172 189 30 218 159 192 178 236 182 183 281 216 95 193  ( total rides managed: 18)
Car: 14	Rides: 181 5 109 151 145 54 15 4 299 84 21 56 146 142 116 290  ( total rides managed: 16)
Car: 15	Rides: 217 117 37 180 235 34 65 244 254 140 197 224 107 36  ( total rides managed: 14)
Car: 16	Rides: 222  ( total rides managed: 1)
Car: 17	Rides:  ( total rides managed: 0)
Car: 18	Rides:  ( total rides managed: 0)
Car: 19	Rides:  ( total rides managed: 0)
Car: 20	Rides:  ( total rides managed: 0)
Car: 21	Rides:  ( total rides managed: 0)
Car: 22	Rides:  ( total rides managed: 0)
Car: 23	Rides:  ( total rides managed: 0)
Car: 24	Rides:  ( total rides managed: 0)
Car: 25	Rides:  ( total rides managed: 0)
Car: 26	Rides:  ( total rides managed: 0)
Car: 27	Rides:  ( total rides managed: 0)
Car: 28	Rides:  ( total rides managed: 0)
Car: 29	Rides:  ( total rides managed: 0)
Car: 30	Rides:  ( total rides managed: 0)
Car: 31	Rides:  ( total rides managed: 0)
Car: 32	Rides:  ( total rides managed: 0)
Car: 33	Rides:  ( total rides managed: 0)
Car: 34	Rides:  ( total rides managed: 0)
Car: 35	Rides:  ( total rides managed: 0)
Car: 36	Rides:  ( total rides managed: 0)
Car: 37	Rides:  ( total rides managed: 0)
Car: 38	Rides:  ( total rides managed: 0)
Car: 39	Rides:  ( total rides managed: 0)
Car: 40	Rides:  ( total rides managed: 0)
Car: 41	Rides:  ( total rides managed: 0)
Car: 42	Rides:  ( total rides managed: 0)
Car: 43	Rides:  ( total rides managed: 0)
Car: 44	Rides:  ( total rides managed: 0)
Car: 45	Rides:  ( total rides managed: 0)
Car: 46	Rides:  ( total rides managed: 0)
Car: 47	Rides:  ( total rides managed: 0)
Car: 48	Rides:  ( total rides managed: 0)
Car: 49	Rides:  ( total rides managed: 0)
Car: 50	Rides:  ( total rides managed: 0)
Car: 51	Rides:  ( total rides managed: 0)
Car: 52	Rides:  ( total rides managed: 0)
Car: 53	Rides:  ( total rides managed: 0)
Car: 54	Rides:  ( total rides managed: 0)
Car: 55	Rides:  ( total rides managed: 0)
Car: 56	Rides:  ( total rides managed: 0)
Car: 57	Rides:  ( total rides managed: 0)
Car: 58	Rides:  ( total rides managed: 0)
Car: 59	Rides:  ( total rides managed: 0)
Car: 60	Rides:  ( total rides managed: 0)
Car: 61	Rides:  ( total rides managed: 0)
Car: 62	Rides:  ( total rides managed: 0)
Car: 63	Rides:  ( total rides managed: 0)
Car: 64	Rides:  ( total rides managed: 0)
Car: 65	Rides:  ( total rides managed: 0)
Car: 66	Rides:  ( total rides managed: 0)
Car: 67	Rides:  ( total rides managed: 0)
Car: 68	Rides:  ( total rides managed: 0)
Car: 69	Rides:  ( total rides managed: 0)
Car: 70	Rides:  ( total rides managed: 0)
Car: 71	Rides:  ( total rides managed: 0)
Car: 72	Rides:  ( total rides managed: 0)
Car: 73	Rides:  ( total rides managed: 0)
Car: 74	Rides:  ( total rides managed: 0)
Car: 75	Rides:  ( total rides managed: 0)
Car: 76	Rides:  ( total rides managed: 0)
Car: 77	Rides:  ( total rides managed: 0)
Car: 78	Rides:  ( total rides managed: 0)
Car: 79	Rides:  ( total rides managed: 0)
Car: 80	Rides:  ( total rides managed: 0)
Car: 81	Rides:  ( total rides managed: 0)
Car: 82	Rides:  ( total rides managed: 0)
Car: 83	Rides:  ( total rides managed: 0)
Car: 84	Rides:  ( total rides managed: 0)
Car: 85	Rides:  ( total rides managed: 0)
Car: 86	Rides:  ( total rides managed: 0)
Car: 87	Rides:  ( total rides managed: 0)
Car: 88	Rides:  ( total rides managed: 0)
Car: 89	Rides:  ( total rides managed: 0)
Car: 90	Rides:  ( total rides managed: 0)
Car: 91	Rides:  ( total rides managed: 0)
Car: 92	Rides:  ( total rides managed: 0)
Car: 93	Rides:  ( total rides managed: 0)
Car: 94	Rides:  ( total rides managed: 0)
Car: 95	Rides:  ( total rides managed: 0)
Car: 96	Rides:  ( total rides managed: 0)
Car: 97	Rides:  ( total rides managed: 0)
Car: 98	Rides:  ( total rides managed: 0)
Car: 99	Rides:  ( total rides managed: 0)
Car: 100	Rides:  ( total rides managed: 0)

***
We have 293 rides managed. 249 finished on time and 145 started even in time (margin >= 0). The total length (with points!) is 150292
