Car: 1	Rides: 7025 8880 476 9016 2822 427 1260 9948 3379 1800 6292 3801 6456  ( total rides managed: 13)
Car: 2	Rides: 575 1644 630 2380 3940 4239 8468 7465 53 2321 9086 3763 5415 6684 2249 4080  ( total rides managed: 16)
Car: 3	Rides: 700 2329 182 1823 852 5420 1336 1044 3960 9382 88  ( total rides managed: 11)
Car: 4	Rides: 6374 3896 385 1300 210 5290 2715 1462 7716  ( total rides managed: 9)
Car: 5	Rides: 3546 7402 9560 1982 9755 7140 490 3827 8798 2051 4114 124  ( total rides managed: 12)
Car: 6	Rides: 5038 3885 8599 6882 9046 4615 8547 1633 3978 8063 9649 5105  ( total rides managed: 12)
Car: 7	Rides: 4132 6067 5353 8593 4925 3024 7224 5627  ( total rides managed: 8)
Car: 8	Rides: 8728 3244 7921 3193 1379 6906 7429 4821 5755 8750 8357 5733 4152  ( total rides managed: 13)
Car: 9	Rides: 2356 1756 1160 3822 205 3760 4862 4834 7723 8566 2728  ( total rides managed: 11)
Car: 10	Rides: 7788 1891 9117 9428 3860 1691 6571 6252 1937 6257 9070 4500 9214  ( total rides managed: 13)
Car: 11	Rides: 7707 5739 4584 560 2893 7334 1785 3096 861 6996  ( total rides managed: 10)
Car: 12	Rides: 5440 7473 972 9177 6663 9908 9878 9427 8002 6189 2999 58 7805  ( total rides managed: 13)
Car: 13	Rides: 7330 4328 8084 7010 4224 1176 5136 6728 4060  ( total rides managed: 9)
Car: 14	Rides: 9036 6997 3322 1717 1072 1493 765 419 9707 7322 2829  ( total rides managed: 11)
Car: 15	Rides: 1524 9776 8247 4567 104 1906 8509 4433 2794 3228 8503  ( total rides managed: 11)
Car: 16	Rides: 4218 358 3438 2775 5055 3350 9500 5053 9670 4859  ( total rides managed: 10)
Car: 17	Rides: 1547 6327 2174 2712 9955 2912 4787 4922 7190 2120  ( total rides managed: 10)
Car: 18	Rides: 641 269 4952 7338 4301 8044 3653 4495 8178 2530 8991 6796 5361  ( total rides managed: 13)
Car: 19	Rides: 337 6616 2693 9745 5194 7341 3938 9804 7497 7511  ( total rides managed: 10)
Car: 20	Rides: 2037 6627 2102 8168 9389 9512 5602 6852 9480 1345 6879 1093 4127 1279  ( total rides managed: 14)
Car: 21	Rides: 4480 9042 3890 9144 2786 4356 8427 9459 990 4649 7998 292 8475 8220  ( total rides managed: 14)
Car: 22	Rides: 4526 4747 5239 263 8219 339 6205 9352 4086 3063 2361  ( total rides managed: 11)
Car: 23	Rides: 6797 4959 8760 4697 8366 7979 4966 4034 5611 4621 1971 2518 3542  ( total rides managed: 13)
Car: 24	Rides: 4610 4929 8202 803 5713 6563 3905 3087 5448 6058  ( total rides managed: 10)
Car: 25	Rides: 3504 1901 591 8575 5423 4208 3195 4398 1744 4128 8305 1748  ( total rides managed: 12)
Car: 26	Rides: 6580 8454 9236 3688 3475 2314 2187 3766 3714 8628 8934 7569 8362  ( total rides managed: 13)
Car: 27	Rides: 4514 1366 1099 7598 5481 8821 8294 6558 2708 655  ( total rides managed: 10)
Car: 28	Rides: 8101 8061 3306 5346 2022 3189 7312 1709 1766 3792 6157 3907 6607 4606  ( total rides managed: 14)
Car: 29	Rides: 7767 4716 2432 6827 9923 6561 299 7762 5069  ( total rides managed: 9)
Car: 30	Rides: 321 1587 1195 542 4109 9326 1015 3072 2224 7841 7035 7205 5137 1441  ( total rides managed: 14)
Car: 31	Rides: 5650 27 3956 2088 9575 8862 5540 3411 4066 883 2213 2168 4774 2964 5805  ( total rides managed: 15)
Car: 32	Rides: 2534 6814 3655 9909 2623 6436 2732 1626 6526 2034 5969  ( total rides managed: 11)
Car: 33	Rides: 1861 4727 7175 276 8942 8686 3030 7277 9186 5035 395  ( total rides managed: 11)
Car: 34	Rides: 9300 3717 2916 2618 195 2927 6379 8659 5114 2880 8702 8306 8587 2512 9127 7055  ( total rides managed: 16)
Car: 35	Rides: 9954 167 1712 3569 494 7942 459 35 1178 3046  ( total rides managed: 10)
Car: 36	Rides: 371 956 3052 584 8529 558 1165 5089 7796  ( total rides managed: 9)
Car: 37	Rides: 1385 4133 3895 7192 8588 3407 6775 3883 5444 8146 1192 9668  ( total rides managed: 12)
Car: 38	Rides: 3103 6449 8974 7824 9951 1130 6876 528 8449 5687 1773 683  ( total rides managed: 12)
Car: 39	Rides: 4734 2523 66 3457 8006 539 6348 1736 6428 3192 5820 3231 3229 5751  ( total rides managed: 14)
Car: 40	Rides: 7482 1086 4949 7045 9988 5651 231 1882 8568 9845 9276  ( total rides managed: 11)
Car: 41	Rides: 2923 3486 3011 5099 6779 665 5921 250 2768 7477 9890 59 834 5147 4367  ( total rides managed: 15)
Car: 42	Rides: 2637 8461 1011 7129 8439 3866 6377 291 43  ( total rides managed: 9)
Car: 43	Rides: 6897 6981 9238 8520 8747 5498 1516 895 2210 8406  ( total rides managed: 10)
Car: 44	Rides: 7036 5285 7607 1508 2414 2064 4502 8629 6202 228 8530 8925  ( total rides managed: 12)
Car: 45	Rides: 39 8919 4842 4307 3910 8344 8894 399 5287 5711 5265 6048 3428 8182 4731  ( total rides managed: 15)
Car: 46	Rides: 8054 9599 7489 4777 7782 6132 6413 2814 8768 7342 5622  ( total rides managed: 11)
Car: 47	Rides: 1159 36 7771 6211 3718 804 255 6026 6905 218 3958 8350  ( total rides managed: 12)
Car: 48	Rides: 9108 6927 4961 9869 5541 6521 7802 1813 3360 1988 8459 6507 3248 2410 9115  ( total rides managed: 15)
Car: 49	Rides: 148 1149 866 9079 8408 75 5996 2309 7568 3694 9341 4844 7904  ( total rides managed: 13)
Car: 50	Rides: 9275 7378 6180 8878 4083 9720 2819 758 6188 3700 6628 893 7004  ( total rides managed: 13)
Car: 51	Rides: 9422 1951 787 2445 6635 4924 3484 9815 4084 8946 6509 566 5764 5904  ( total rides managed: 14)
Car: 52	Rides: 9191 8986 8239 2872 9053 1522 2737 1120 7597 8150 4445 2525 4634 8206  ( total rides managed: 14)
Car: 53	Rides: 5822 1853 2852 4587 7080 1276 8796 4005 8737 2614 7060 3617 1916  ( total rides managed: 13)
Car: 54	Rides: 9935 6529 438 9463 1229 9690 7793 5408 2690 8666  ( total rides managed: 10)
Car: 55	Rides: 7693 3574 1346 320 4906 9450 2954 9421 1963  ( total rides managed: 9)
Car: 56	Rides: 1449 9339 2969 6096 8405 4156 4540 2148 1545 9683  ( total rides managed: 10)
Car: 57	Rides: 8656 6331 7614 5419 479 2411 7733 5402 2197 4650 2502 2284 6988  ( total rides managed: 13)
Car: 58	Rides: 4552 115 1360 4915 6991 21 9244 9850 1258 8155 9577 3194  ( total rides managed: 12)
Car: 59	Rides: 7534 8070 6844 1707 7875 5195 4310 4769 8678 5647 6675 6281 5766 1987  ( total rides managed: 14)
Car: 60	Rides: 3702 4829 5400 5371 6732 3343 5319 6772  ( total rides managed: 8)
Car: 61	Rides: 5231 7368 6512 8676 5913 5703 8836 8724 5102 8201 8963 1898 3534  ( total rides managed: 13)
Car: 62	Rides: 3312 1171 1968 693 7870 2305 2215 8442 702 6365 2797 9147 7790  ( total rides managed: 13)
Car: 63	Rides: 6665 4245 7012 2287 1362 1686 8688 2145 1395 4163  ( total rides managed: 10)
Car: 64	Rides: 4413 8772 7097 445 9245 3080 5886 9286 3995 8742 3174 1568  ( total rides managed: 12)
Car: 65	Rides: 7500 637 6771 9170 6359 7591 1671 2603 3773 5832 1679 8455 9203  ( total rides managed: 13)
Car: 66	Rides: 5064 6555 7420 7359 906 1491 5051 6869 133 2680 6853 4182  ( total rides managed: 12)
Car: 67	Rides: 5200 3089 4972 7910 8009 5309 8027 2558 8076 2544 5406  ( total rides managed: 11)
Car: 68	Rides: 7506 3199 5181 5505 9130 7872 7107 705 8349 2979 4807 3539 7157 5785 9106  ( total rides managed: 15)
Car: 69	Rides: 203 6721 3764 7661 8246 7654 8108 1269 5597 2182 4729 3824 3515  ( total rides managed: 13)
Car: 70	Rides: 1248 8580 2654 3119 7214 8398 430 6813 8157 8285 9383 1035 6781  ( total rides managed: 13)
Car: 71	Rides: 5896 5256 9495 1872 6244 6042 9067 3857 77 1631 1038  ( total rides managed: 11)
Car: 72	Rides: 2564 401 2325 6095 9524 6961 6376 9449 3122 8134  ( total rides managed: 10)
Car: 73	Rides: 7616 9593 9996 5530 9295 4298 5487 9362 2276 9489 1957 4020 9351  ( total rides managed: 13)
Car: 74	Rides: 815 2686 4723 5863 4204 3548 7168 7697 9523 5118 6584  ( total rides managed: 11)
Car: 75	Rides: 7750 3398 3647 3492 9054 4100 6832 862 3383 8574  ( total rides managed: 10)
Car: 76	Rides: 6606 4176 1061 9538 9852 9576 9824 1953 1962 1701 5169 8586 9880  ( total rides managed: 13)
Car: 77	Rides: 8286 4739 3859 9621 4818 1154 496 7451 9657 2503 4081 4167 3558 8179 8071  ( total rides managed: 15)
Car: 78	Rides: 8342 5123 4530 9641 1319 8680 7422 2371 8791 9169 8497 2982  ( total rides managed: 12)
Car: 79	Rides: 7843 2807 8634 5405 4555 6253 1422 7563 3212 9853 7256 4990 818  ( total rides managed: 13)
Car: 80	Rides: 1635 9419 2113 6104 3206 389 5110 1069 9311 811 2369 8854 1502 5072  ( total rides managed: 14)
Car: 81	Rides: 7446 3526 9168 4923 1935 3719 674 7121 127 1446 5638 398  ( total rides managed: 12)

***
We have 971 rides managed, 0 of which started in time (margin >= 0)
